2019-10-31 21:02:50.228  INFO 14480 --- [main] h.s.smarthouse.SmarthouseApplication     : Starting SmarthouseApplication on DESKTOP-02R9TSR with PID 14480 (started by Ars in K:\2 kurs\Programming of database applications\Sem2.2)
2019-10-31 21:02:50.228  INFO 14480 --- [main] h.s.smarthouse.SmarthouseApplication     : No active profile set, falling back to default profiles: default
2019-10-31 21:02:51.238  INFO 14480 --- [main] .s.d.r.c.RepositoryConfigurationDelegate : Bootstrapping Spring Data repositories in DEFAULT mode.
2019-10-31 21:02:51.328  INFO 14480 --- [main] .s.d.r.c.RepositoryConfigurationDelegate : Finished Spring Data repository scanning in 75ms. Found 2 repository interfaces.
2019-10-31 21:02:51.728  INFO 14480 --- [main] trationDelegate$BeanPostProcessorChecker : Bean 'org.springframework.transaction.annotation.ProxyTransactionManagementConfiguration' of type [org.springframework.transaction.annotation.ProxyTransactionManagementConfiguration$$EnhancerBySpringCGLIB$$6aa47ade] is not eligible for getting processed by all BeanPostProcessors (for example: not eligible for auto-proxying)
2019-10-31 21:02:52.088  INFO 14480 --- [main] o.s.b.w.embedded.tomcat.TomcatWebServer  : Tomcat initialized with port(s): 8080 (http)
2019-10-31 21:02:52.118  INFO 14480 --- [main] o.apache.catalina.core.StandardService   : Starting service [Tomcat]
2019-10-31 21:02:52.128  INFO 14480 --- [main] org.apache.catalina.core.StandardEngine  : Starting Servlet engine: [Apache Tomcat/9.0.26]
2019-10-31 21:02:52.253  INFO 14480 --- [main] o.a.c.c.C.[Tomcat].[localhost].[/]       : Initializing Spring embedded WebApplicationContext
2019-10-31 21:02:52.253  INFO 14480 --- [main] o.s.web.context.ContextLoader            : Root WebApplicationContext: initialization completed in 1975 ms
2019-10-31 21:02:52.438  INFO 14480 --- [main] com.zaxxer.hikari.HikariDataSource       : HikariPool-1 - Starting...
2019-10-31 21:03:50.754  INFO 16924 --- [main] h.s.smarthouse.SmarthouseApplication     : Starting SmarthouseApplication on DESKTOP-02R9TSR with PID 16924 (started by Ars in K:\2 kurs\Programming of database applications\Sem2.2)
2019-10-31 21:03:50.757  INFO 16924 --- [main] h.s.smarthouse.SmarthouseApplication     : No active profile set, falling back to default profiles: default
2019-10-31 21:03:51.680  INFO 16924 --- [main] .s.d.r.c.RepositoryConfigurationDelegate : Bootstrapping Spring Data repositories in DEFAULT mode.
2019-10-31 21:03:51.789  INFO 16924 --- [main] .s.d.r.c.RepositoryConfigurationDelegate : Finished Spring Data repository scanning in 99ms. Found 2 repository interfaces.
2019-10-31 21:03:52.188  INFO 16924 --- [main] trationDelegate$BeanPostProcessorChecker : Bean 'org.springframework.transaction.annotation.ProxyTransactionManagementConfiguration' of type [org.springframework.transaction.annotation.ProxyTransactionManagementConfiguration$$EnhancerBySpringCGLIB$$5e544cab] is not eligible for getting processed by all BeanPostProcessors (for example: not eligible for auto-proxying)
2019-10-31 21:03:52.501  INFO 16924 --- [main] o.s.b.w.embedded.tomcat.TomcatWebServer  : Tomcat initialized with port(s): 8080 (http)
2019-10-31 21:03:52.538  INFO 16924 --- [main] o.apache.catalina.core.StandardService   : Starting service [Tomcat]
2019-10-31 21:03:52.539  INFO 16924 --- [main] org.apache.catalina.core.StandardEngine  : Starting Servlet engine: [Apache Tomcat/9.0.26]
2019-10-31 21:03:52.716  INFO 16924 --- [main] o.a.c.c.C.[Tomcat].[localhost].[/]       : Initializing Spring embedded WebApplicationContext
2019-10-31 21:03:52.716  INFO 16924 --- [main] o.s.web.context.ContextLoader            : Root WebApplicationContext: initialization completed in 1902 ms
2019-10-31 21:03:52.926  INFO 16924 --- [main] com.zaxxer.hikari.HikariDataSource       : HikariPool-1 - Starting...
2019-10-31 21:03:54.268  INFO 16924 --- [main] com.zaxxer.hikari.HikariDataSource       : HikariPool-1 - Start completed.
2019-10-31 21:03:54.332  INFO 16924 --- [main] o.hibernate.jpa.internal.util.LogHelper  : HHH000204: Processing PersistenceUnitInfo [
	name: default
	...]
2019-10-31 21:03:54.418  INFO 16924 --- [main] org.hibernate.Version                    : HHH000412: Hibernate Core {5.3.12.Final}
2019-10-31 21:03:54.428  INFO 16924 --- [main] org.hibernate.cfg.Environment            : HHH000206: hibernate.properties not found
2019-10-31 21:03:54.618  INFO 16924 --- [main] o.hibernate.annotations.common.Version   : HCANN000001: Hibernate Commons Annotations {5.0.4.Final}
2019-10-31 21:03:54.778  INFO 16924 --- [main] org.hibernate.dialect.Dialect            : HHH000400: Using dialect: org.hibernate.dialect.MySQL8Dialect
2019-10-31 21:03:57.301  INFO 16924 --- [main] o.h.t.schema.internal.SchemaCreatorImpl  : HHH000476: Executing import script 'org.hibernate.tool.schema.internal.exec.ScriptSourceInputNonExistentImpl@6ee88e21'
2019-10-31 21:03:57.304  INFO 16924 --- [main] j.LocalContainerEntityManagerFactoryBean : Initialized JPA EntityManagerFactory for persistence unit 'default'
2019-10-31 21:03:57.853  INFO 16924 --- [main] o.s.s.concurrent.ThreadPoolTaskExecutor  : Initializing ExecutorService 'applicationTaskExecutor'
2019-10-31 21:03:57.891  WARN 16924 --- [main] aWebConfiguration$JpaWebMvcConfiguration : spring.jpa.open-in-view is enabled by default. Therefore, database queries may be performed during view rendering. Explicitly configure spring.jpa.open-in-view to disable this warning
2019-10-31 21:03:58.075  INFO 16924 --- [main] o.s.b.w.embedded.tomcat.TomcatWebServer  : Tomcat started on port(s): 8080 (http) with context path ''
2019-10-31 21:03:58.079  INFO 16924 --- [main] h.s.smarthouse.SmarthouseApplication     : Started SmarthouseApplication in 7.856 seconds (JVM running for 9.365)
2019-10-31 21:04:16.972  INFO 16924 --- [http-nio-8080-exec-1] o.a.c.c.C.[Tomcat].[localhost].[/]       : Initializing Spring DispatcherServlet 'dispatcherServlet'
2019-10-31 21:04:16.972  INFO 16924 --- [http-nio-8080-exec-1] o.s.web.servlet.DispatcherServlet        : Initializing Servlet 'dispatcherServlet'
2019-10-31 21:04:16.984  INFO 16924 --- [http-nio-8080-exec-1] o.s.web.servlet.DispatcherServlet        : Completed initialization in 12 ms
2019-10-31 21:04:17.074  INFO 16924 --- [http-nio-8080-exec-1] o.h.h.i.QueryTranslatorFactoryInitiator  : HHH000397: Using ASTQueryTranslatorFactory
2019-10-31 21:04:26.208  WARN 16924 --- [http-nio-8080-exec-3] o.h.engine.jdbc.spi.SqlExceptionHelper   : SQL Error: 1452, SQLState: 23000
2019-10-31 21:04:26.209 ERROR 16924 --- [http-nio-8080-exec-3] o.h.engine.jdbc.spi.SqlExceptionHelper   : Cannot add or update a child row: a foreign key constraint fails (`smart_house`.`home`, CONSTRAINT `FK2dvaq8xck61pvl4306cj4b4fw` FOREIGN KEY (`user_id`) REFERENCES `user` (`id`))
2019-10-31 21:04:26.214 ERROR 16924 --- [http-nio-8080-exec-3] o.h.i.ExceptionMapperStandardImpl        : HHH000346: Error during managed flush [org.hibernate.exception.ConstraintViolationException: could not execute statement]
2019-10-31 21:04:26.253 ERROR 16924 --- [http-nio-8080-exec-3] o.a.c.c.C.[.[.[/].[dispatcherServlet]    : Servlet.service() for servlet [dispatcherServlet] in context with path [] threw exception [Request processing failed; nested exception is org.springframework.dao.DataIntegrityViolationException: could not execute statement; SQL [n/a]; constraint [null]; nested exception is org.hibernate.exception.ConstraintViolationException: could not execute statement] with root cause

java.sql.SQLIntegrityConstraintViolationException: Cannot add or update a child row: a foreign key constraint fails (`smart_house`.`home`, CONSTRAINT `FK2dvaq8xck61pvl4306cj4b4fw` FOREIGN KEY (`user_id`) REFERENCES `user` (`id`))
	at com.mysql.cj.jdbc.exceptions.SQLError.createSQLException(SQLError.java:117) ~[mysql-connector-java-8.0.17.jar:8.0.17]
	at com.mysql.cj.jdbc.exceptions.SQLError.createSQLException(SQLError.java:97) ~[mysql-connector-java-8.0.17.jar:8.0.17]
	at com.mysql.cj.jdbc.exceptions.SQLExceptionsMapping.translateException(SQLExceptionsMapping.java:122) ~[mysql-connector-java-8.0.17.jar:8.0.17]
	at com.mysql.cj.jdbc.ClientPreparedStatement.executeInternal(ClientPreparedStatement.java:953) ~[mysql-connector-java-8.0.17.jar:8.0.17]
	at com.mysql.cj.jdbc.ClientPreparedStatement.executeUpdateInternal(ClientPreparedStatement.java:1092) ~[mysql-connector-java-8.0.17.jar:8.0.17]
	at com.mysql.cj.jdbc.ClientPreparedStatement.executeUpdateInternal(ClientPreparedStatement.java:1040) ~[mysql-connector-java-8.0.17.jar:8.0.17]
	at com.mysql.cj.jdbc.ClientPreparedStatement.executeLargeUpdate(ClientPreparedStatement.java:1340) ~[mysql-connector-java-8.0.17.jar:8.0.17]
	at com.mysql.cj.jdbc.ClientPreparedStatement.executeUpdate(ClientPreparedStatement.java:1025) ~[mysql-connector-java-8.0.17.jar:8.0.17]
	at com.zaxxer.hikari.pool.ProxyPreparedStatement.executeUpdate(ProxyPreparedStatement.java:61) ~[HikariCP-3.2.0.jar:na]
	at com.zaxxer.hikari.pool.HikariProxyPreparedStatement.executeUpdate(HikariProxyPreparedStatement.java) ~[HikariCP-3.2.0.jar:na]
	at org.hibernate.engine.jdbc.internal.ResultSetReturnImpl.executeUpdate(ResultSetReturnImpl.java:175) ~[hibernate-core-5.3.12.Final.jar:5.3.12.Final]
	at org.hibernate.persister.entity.AbstractEntityPersister.insert(AbstractEntityPersister.java:3192) ~[hibernate-core-5.3.12.Final.jar:5.3.12.Final]
	at org.hibernate.persister.entity.AbstractEntityPersister.insert(AbstractEntityPersister.java:3706) ~[hibernate-core-5.3.12.Final.jar:5.3.12.Final]
	at org.hibernate.action.internal.EntityInsertAction.execute(EntityInsertAction.java:90) ~[hibernate-core-5.3.12.Final.jar:5.3.12.Final]
	at org.hibernate.engine.spi.ActionQueue.executeActions(ActionQueue.java:604) ~[hibernate-core-5.3.12.Final.jar:5.3.12.Final]
	at org.hibernate.engine.spi.ActionQueue.executeActions(ActionQueue.java:478) ~[hibernate-core-5.3.12.Final.jar:5.3.12.Final]
	at org.hibernate.event.internal.AbstractFlushingEventListener.performExecutions(AbstractFlushingEventListener.java:356) ~[hibernate-core-5.3.12.Final.jar:5.3.12.Final]
	at org.hibernate.event.internal.DefaultFlushEventListener.onFlush(DefaultFlushEventListener.java:39) ~[hibernate-core-5.3.12.Final.jar:5.3.12.Final]
	at org.hibernate.internal.SessionImpl.doFlush(SessionImpl.java:1483) ~[hibernate-core-5.3.12.Final.jar:5.3.12.Final]
	at org.hibernate.internal.SessionImpl.managedFlush(SessionImpl.java:512) ~[hibernate-core-5.3.12.Final.jar:5.3.12.Final]
	at org.hibernate.internal.SessionImpl.flushBeforeTransactionCompletion(SessionImpl.java:3321) ~[hibernate-core-5.3.12.Final.jar:5.3.12.Final]
	at org.hibernate.internal.SessionImpl.beforeTransactionCompletion(SessionImpl.java:2517) ~[hibernate-core-5.3.12.Final.jar:5.3.12.Final]
	at org.hibernate.engine.jdbc.internal.JdbcCoordinatorImpl.beforeTransactionCompletion(JdbcCoordinatorImpl.java:447) ~[hibernate-core-5.3.12.Final.jar:5.3.12.Final]
	at org.hibernate.resource.transaction.backend.jdbc.internal.JdbcResourceLocalTransactionCoordinatorImpl.beforeCompletionCallback(JdbcResourceLocalTransactionCoordinatorImpl.java:178) ~[hibernate-core-5.3.12.Final.jar:5.3.12.Final]
	at org.hibernate.resource.transaction.backend.jdbc.internal.JdbcResourceLocalTransactionCoordinatorImpl.access$300(JdbcResourceLocalTransactionCoordinatorImpl.java:39) ~[hibernate-core-5.3.12.Final.jar:5.3.12.Final]
	at org.hibernate.resource.transaction.backend.jdbc.internal.JdbcResourceLocalTransactionCoordinatorImpl$TransactionDriverControlImpl.commit(JdbcResourceLocalTransactionCoordinatorImpl.java:271) ~[hibernate-core-5.3.12.Final.jar:5.3.12.Final]
	at org.hibernate.engine.transaction.internal.TransactionImpl.commit(TransactionImpl.java:104) ~[hibernate-core-5.3.12.Final.jar:5.3.12.Final]
	at org.springframework.orm.jpa.JpaTransactionManager.doCommit(JpaTransactionManager.java:533) ~[spring-orm-5.1.10.RELEASE.jar:5.1.10.RELEASE]
	at org.springframework.transaction.support.AbstractPlatformTransactionManager.processCommit(AbstractPlatformTransactionManager.java:746) ~[spring-tx-5.1.10.RELEASE.jar:5.1.10.RELEASE]
	at org.springframework.transaction.support.AbstractPlatformTransactionManager.commit(AbstractPlatformTransactionManager.java:714) ~[spring-tx-5.1.10.RELEASE.jar:5.1.10.RELEASE]
	at org.springframework.transaction.interceptor.TransactionAspectSupport.commitTransactionAfterReturning(TransactionAspectSupport.java:534) ~[spring-tx-5.1.10.RELEASE.jar:5.1.10.RELEASE]
	at org.springframework.transaction.interceptor.TransactionAspectSupport.invokeWithinTransaction(TransactionAspectSupport.java:305) ~[spring-tx-5.1.10.RELEASE.jar:5.1.10.RELEASE]
	at org.springframework.transaction.interceptor.TransactionInterceptor.invoke(TransactionInterceptor.java:98) ~[spring-tx-5.1.10.RELEASE.jar:5.1.10.RELEASE]
	at org.springframework.aop.framework.ReflectiveMethodInvocation.proceed(ReflectiveMethodInvocation.java:186) ~[spring-aop-5.1.10.RELEASE.jar:5.1.10.RELEASE]
	at org.springframework.dao.support.PersistenceExceptionTranslationInterceptor.invoke(PersistenceExceptionTranslationInterceptor.java:139) ~[spring-tx-5.1.10.RELEASE.jar:5.1.10.RELEASE]
	at org.springframework.aop.framework.ReflectiveMethodInvocation.proceed(ReflectiveMethodInvocation.java:186) ~[spring-aop-5.1.10.RELEASE.jar:5.1.10.RELEASE]
	at org.springframework.data.jpa.repository.support.CrudMethodMetadataPostProcessor$CrudMethodMetadataPopulatingMethodInterceptor.invoke(CrudMethodMetadataPostProcessor.java:144) ~[spring-data-jpa-2.1.11.RELEASE.jar:2.1.11.RELEASE]
	at org.springframework.aop.framework.ReflectiveMethodInvocation.proceed(ReflectiveMethodInvocation.java:186) ~[spring-aop-5.1.10.RELEASE.jar:5.1.10.RELEASE]
	at org.springframework.data.jpa.repository.support.CrudMethodMetadataPostProcessor$ExposeRepositoryInvocationInterceptor.invoke(CrudMethodMetadataPostProcessor.java:364) ~[spring-data-jpa-2.1.11.RELEASE.jar:2.1.11.RELEASE]
	at org.springframework.aop.framework.ReflectiveMethodInvocation.proceed(ReflectiveMethodInvocation.java:186) ~[spring-aop-5.1.10.RELEASE.jar:5.1.10.RELEASE]
	at org.springframework.aop.interceptor.ExposeInvocationInterceptor.invoke(ExposeInvocationInterceptor.java:93) ~[spring-aop-5.1.10.RELEASE.jar:5.1.10.RELEASE]
	at org.springframework.aop.framework.ReflectiveMethodInvocation.proceed(ReflectiveMethodInvocation.java:186) ~[spring-aop-5.1.10.RELEASE.jar:5.1.10.RELEASE]
	at org.springframework.data.repository.core.support.SurroundingTransactionDetectorMethodInterceptor.invoke(SurroundingTransactionDetectorMethodInterceptor.java:61) ~[spring-data-commons-2.1.11.RELEASE.jar:2.1.11.RELEASE]
	at org.springframework.aop.framework.ReflectiveMethodInvocation.proceed(ReflectiveMethodInvocation.java:186) ~[spring-aop-5.1.10.RELEASE.jar:5.1.10.RELEASE]
	at org.springframework.aop.framework.JdkDynamicAopProxy.invoke(JdkDynamicAopProxy.java:212) ~[spring-aop-5.1.10.RELEASE.jar:5.1.10.RELEASE]
	at com.sun.proxy.$Proxy94.save(Unknown Source) ~[na:na]
	at house.smart.smarthouse.service.impl.HomeServiceImpl.save(HomeServiceImpl.java:20) ~[classes/:na]
	at house.smart.smarthouse.service.impl.HomeServiceImpl.save(HomeServiceImpl.java:9) ~[classes/:na]
	at house.smart.smarthouse.controller.HomeController.save(HomeController.java:21) ~[classes/:na]
	at sun.reflect.NativeMethodAccessorImpl.invoke0(Native Method) ~[na:1.8.0_121]
	at sun.reflect.NativeMethodAccessorImpl.invoke(NativeMethodAccessorImpl.java:62) ~[na:1.8.0_121]
	at sun.reflect.DelegatingMethodAccessorImpl.invoke(DelegatingMethodAccessorImpl.java:43) ~[na:1.8.0_121]
	at java.lang.reflect.Method.invoke(Method.java:498) ~[na:1.8.0_121]
	at org.springframework.web.method.support.InvocableHandlerMethod.doInvoke(InvocableHandlerMethod.java:190) ~[spring-web-5.1.10.RELEASE.jar:5.1.10.RELEASE]
	at org.springframework.web.method.support.InvocableHandlerMethod.invokeForRequest(InvocableHandlerMethod.java:138) ~[spring-web-5.1.10.RELEASE.jar:5.1.10.RELEASE]
	at org.springframework.web.servlet.mvc.method.annotation.ServletInvocableHandlerMethod.invokeAndHandle(ServletInvocableHandlerMethod.java:105) ~[spring-webmvc-5.1.10.RELEASE.jar:5.1.10.RELEASE]
	at org.springframework.web.servlet.mvc.method.annotation.RequestMappingHandlerAdapter.invokeHandlerMethod(RequestMappingHandlerAdapter.java:893) ~[spring-webmvc-5.1.10.RELEASE.jar:5.1.10.RELEASE]
	at org.springframework.web.servlet.mvc.method.annotation.RequestMappingHandlerAdapter.handleInternal(RequestMappingHandlerAdapter.java:798) ~[spring-webmvc-5.1.10.RELEASE.jar:5.1.10.RELEASE]
	at org.springframework.web.servlet.mvc.method.AbstractHandlerMethodAdapter.handle(AbstractHandlerMethodAdapter.java:87) ~[spring-webmvc-5.1.10.RELEASE.jar:5.1.10.RELEASE]
	at org.springframework.web.servlet.DispatcherServlet.doDispatch(DispatcherServlet.java:1040) ~[spring-webmvc-5.1.10.RELEASE.jar:5.1.10.RELEASE]
	at org.springframework.web.servlet.DispatcherServlet.doService(DispatcherServlet.java:943) ~[spring-webmvc-5.1.10.RELEASE.jar:5.1.10.RELEASE]
	at org.springframework.web.servlet.FrameworkServlet.processRequest(FrameworkServlet.java:1006) ~[spring-webmvc-5.1.10.RELEASE.jar:5.1.10.RELEASE]
	at org.springframework.web.servlet.FrameworkServlet.doPost(FrameworkServlet.java:909) ~[spring-webmvc-5.1.10.RELEASE.jar:5.1.10.RELEASE]
	at javax.servlet.http.HttpServlet.service(HttpServlet.java:660) ~[tomcat-embed-core-9.0.26.jar:9.0.26]
	at org.springframework.web.servlet.FrameworkServlet.service(FrameworkServlet.java:883) ~[spring-webmvc-5.1.10.RELEASE.jar:5.1.10.RELEASE]
	at javax.servlet.http.HttpServlet.service(HttpServlet.java:741) ~[tomcat-embed-core-9.0.26.jar:9.0.26]
	at org.apache.catalina.core.ApplicationFilterChain.internalDoFilter(ApplicationFilterChain.java:231) ~[tomcat-embed-core-9.0.26.jar:9.0.26]
	at org.apache.catalina.core.ApplicationFilterChain.doFilter(ApplicationFilterChain.java:166) ~[tomcat-embed-core-9.0.26.jar:9.0.26]
	at org.apache.tomcat.websocket.server.WsFilter.doFilter(WsFilter.java:53) ~[tomcat-embed-websocket-9.0.26.jar:9.0.26]
	at org.apache.catalina.core.ApplicationFilterChain.internalDoFilter(ApplicationFilterChain.java:193) ~[tomcat-embed-core-9.0.26.jar:9.0.26]
	at org.apache.catalina.core.ApplicationFilterChain.doFilter(ApplicationFilterChain.java:166) ~[tomcat-embed-core-9.0.26.jar:9.0.26]
	at org.springframework.web.filter.RequestContextFilter.doFilterInternal(RequestContextFilter.java:100) ~[spring-web-5.1.10.RELEASE.jar:5.1.10.RELEASE]
	at org.springframework.web.filter.OncePerRequestFilter.doFilter(OncePerRequestFilter.java:119) ~[spring-web-5.1.10.RELEASE.jar:5.1.10.RELEASE]
	at org.apache.catalina.core.ApplicationFilterChain.internalDoFilter(ApplicationFilterChain.java:193) ~[tomcat-embed-core-9.0.26.jar:9.0.26]
	at org.apache.catalina.core.ApplicationFilterChain.doFilter(ApplicationFilterChain.java:166) ~[tomcat-embed-core-9.0.26.jar:9.0.26]
	at org.springframework.web.filter.FormContentFilter.doFilterInternal(FormContentFilter.java:93) ~[spring-web-5.1.10.RELEASE.jar:5.1.10.RELEASE]
	at org.springframework.web.filter.OncePerRequestFilter.doFilter(OncePerRequestFilter.java:119) ~[spring-web-5.1.10.RELEASE.jar:5.1.10.RELEASE]
	at org.apache.catalina.core.ApplicationFilterChain.internalDoFilter(ApplicationFilterChain.java:193) ~[tomcat-embed-core-9.0.26.jar:9.0.26]
	at org.apache.catalina.core.ApplicationFilterChain.doFilter(ApplicationFilterChain.java:166) ~[tomcat-embed-core-9.0.26.jar:9.0.26]
	at org.springframework.web.filter.HiddenHttpMethodFilter.doFilterInternal(HiddenHttpMethodFilter.java:94) ~[spring-web-5.1.10.RELEASE.jar:5.1.10.RELEASE]
	at org.springframework.web.filter.OncePerRequestFilter.doFilter(OncePerRequestFilter.java:119) ~[spring-web-5.1.10.RELEASE.jar:5.1.10.RELEASE]
	at org.apache.catalina.core.ApplicationFilterChain.internalDoFilter(ApplicationFilterChain.java:193) ~[tomcat-embed-core-9.0.26.jar:9.0.26]
	at org.apache.catalina.core.ApplicationFilterChain.doFilter(ApplicationFilterChain.java:166) ~[tomcat-embed-core-9.0.26.jar:9.0.26]
	at org.springframework.web.filter.CharacterEncodingFilter.doFilterInternal(CharacterEncodingFilter.java:201) ~[spring-web-5.1.10.RELEASE.jar:5.1.10.RELEASE]
	at org.springframework.web.filter.OncePerRequestFilter.doFilter(OncePerRequestFilter.java:119) ~[spring-web-5.1.10.RELEASE.jar:5.1.10.RELEASE]
	at org.apache.catalina.core.ApplicationFilterChain.internalDoFilter(ApplicationFilterChain.java:193) ~[tomcat-embed-core-9.0.26.jar:9.0.26]
	at org.apache.catalina.core.ApplicationFilterChain.doFilter(ApplicationFilterChain.java:166) ~[tomcat-embed-core-9.0.26.jar:9.0.26]
	at org.apache.catalina.core.StandardWrapperValve.invoke(StandardWrapperValve.java:202) ~[tomcat-embed-core-9.0.26.jar:9.0.26]
	at org.apache.catalina.core.StandardContextValve.invoke(StandardContextValve.java:96) [tomcat-embed-core-9.0.26.jar:9.0.26]
	at org.apache.catalina.authenticator.AuthenticatorBase.invoke(AuthenticatorBase.java:526) [tomcat-embed-core-9.0.26.jar:9.0.26]
	at org.apache.catalina.core.StandardHostValve.invoke(StandardHostValve.java:139) [tomcat-embed-core-9.0.26.jar:9.0.26]
	at org.apache.catalina.valves.ErrorReportValve.invoke(ErrorReportValve.java:92) [tomcat-embed-core-9.0.26.jar:9.0.26]
	at org.apache.catalina.core.StandardEngineValve.invoke(StandardEngineValve.java:74) [tomcat-embed-core-9.0.26.jar:9.0.26]
	at org.apache.catalina.connector.CoyoteAdapter.service(CoyoteAdapter.java:343) [tomcat-embed-core-9.0.26.jar:9.0.26]
	at org.apache.coyote.http11.Http11Processor.service(Http11Processor.java:408) [tomcat-embed-core-9.0.26.jar:9.0.26]
	at org.apache.coyote.AbstractProcessorLight.process(AbstractProcessorLight.java:66) [tomcat-embed-core-9.0.26.jar:9.0.26]
	at org.apache.coyote.AbstractProtocol$ConnectionHandler.process(AbstractProtocol.java:860) [tomcat-embed-core-9.0.26.jar:9.0.26]
	at org.apache.tomcat.util.net.NioEndpoint$SocketProcessor.doRun(NioEndpoint.java:1589) [tomcat-embed-core-9.0.26.jar:9.0.26]
	at org.apache.tomcat.util.net.SocketProcessorBase.run(SocketProcessorBase.java:49) [tomcat-embed-core-9.0.26.jar:9.0.26]
	at java.util.concurrent.ThreadPoolExecutor.runWorker(ThreadPoolExecutor.java:1142) [na:1.8.0_121]
	at java.util.concurrent.ThreadPoolExecutor$Worker.run(ThreadPoolExecutor.java:617) [na:1.8.0_121]
	at org.apache.tomcat.util.threads.TaskThread$WrappingRunnable.run(TaskThread.java:61) [tomcat-embed-core-9.0.26.jar:9.0.26]
	at java.lang.Thread.run(Thread.java:745) [na:1.8.0_121]

2019-10-31 21:04:33.586  WARN 16924 --- [http-nio-8080-exec-4] o.h.engine.jdbc.spi.SqlExceptionHelper   : SQL Error: 1452, SQLState: 23000
2019-10-31 21:04:33.587 ERROR 16924 --- [http-nio-8080-exec-4] o.h.engine.jdbc.spi.SqlExceptionHelper   : Cannot add or update a child row: a foreign key constraint fails (`smart_house`.`home`, CONSTRAINT `FK2dvaq8xck61pvl4306cj4b4fw` FOREIGN KEY (`user_id`) REFERENCES `user` (`id`))
2019-10-31 21:04:33.588 ERROR 16924 --- [http-nio-8080-exec-4] o.h.i.ExceptionMapperStandardImpl        : HHH000346: Error during managed flush [org.hibernate.exception.ConstraintViolationException: could not execute statement]
2019-10-31 21:04:33.597 ERROR 16924 --- [http-nio-8080-exec-4] o.a.c.c.C.[.[.[/].[dispatcherServlet]    : Servlet.service() for servlet [dispatcherServlet] in context with path [] threw exception [Request processing failed; nested exception is org.springframework.dao.DataIntegrityViolationException: could not execute statement; SQL [n/a]; constraint [null]; nested exception is org.hibernate.exception.ConstraintViolationException: could not execute statement] with root cause

java.sql.SQLIntegrityConstraintViolationException: Cannot add or update a child row: a foreign key constraint fails (`smart_house`.`home`, CONSTRAINT `FK2dvaq8xck61pvl4306cj4b4fw` FOREIGN KEY (`user_id`) REFERENCES `user` (`id`))
	at com.mysql.cj.jdbc.exceptions.SQLError.createSQLException(SQLError.java:117) ~[mysql-connector-java-8.0.17.jar:8.0.17]
	at com.mysql.cj.jdbc.exceptions.SQLError.createSQLException(SQLError.java:97) ~[mysql-connector-java-8.0.17.jar:8.0.17]
	at com.mysql.cj.jdbc.exceptions.SQLExceptionsMapping.translateException(SQLExceptionsMapping.java:122) ~[mysql-connector-java-8.0.17.jar:8.0.17]
	at com.mysql.cj.jdbc.ClientPreparedStatement.executeInternal(ClientPreparedStatement.java:953) ~[mysql-connector-java-8.0.17.jar:8.0.17]
	at com.mysql.cj.jdbc.ClientPreparedStatement.executeUpdateInternal(ClientPreparedStatement.java:1092) ~[mysql-connector-java-8.0.17.jar:8.0.17]
	at com.mysql.cj.jdbc.ClientPreparedStatement.executeUpdateInternal(ClientPreparedStatement.java:1040) ~[mysql-connector-java-8.0.17.jar:8.0.17]
	at com.mysql.cj.jdbc.ClientPreparedStatement.executeLargeUpdate(ClientPreparedStatement.java:1340) ~[mysql-connector-java-8.0.17.jar:8.0.17]
	at com.mysql.cj.jdbc.ClientPreparedStatement.executeUpdate(ClientPreparedStatement.java:1025) ~[mysql-connector-java-8.0.17.jar:8.0.17]
	at com.zaxxer.hikari.pool.ProxyPreparedStatement.executeUpdate(ProxyPreparedStatement.java:61) ~[HikariCP-3.2.0.jar:na]
	at com.zaxxer.hikari.pool.HikariProxyPreparedStatement.executeUpdate(HikariProxyPreparedStatement.java) ~[HikariCP-3.2.0.jar:na]
	at org.hibernate.engine.jdbc.internal.ResultSetReturnImpl.executeUpdate(ResultSetReturnImpl.java:175) ~[hibernate-core-5.3.12.Final.jar:5.3.12.Final]
	at org.hibernate.persister.entity.AbstractEntityPersister.insert(AbstractEntityPersister.java:3192) ~[hibernate-core-5.3.12.Final.jar:5.3.12.Final]
	at org.hibernate.persister.entity.AbstractEntityPersister.insert(AbstractEntityPersister.java:3706) ~[hibernate-core-5.3.12.Final.jar:5.3.12.Final]
	at org.hibernate.action.internal.EntityInsertAction.execute(EntityInsertAction.java:90) ~[hibernate-core-5.3.12.Final.jar:5.3.12.Final]
	at org.hibernate.engine.spi.ActionQueue.executeActions(ActionQueue.java:604) ~[hibernate-core-5.3.12.Final.jar:5.3.12.Final]
	at org.hibernate.engine.spi.ActionQueue.executeActions(ActionQueue.java:478) ~[hibernate-core-5.3.12.Final.jar:5.3.12.Final]
	at org.hibernate.event.internal.AbstractFlushingEventListener.performExecutions(AbstractFlushingEventListener.java:356) ~[hibernate-core-5.3.12.Final.jar:5.3.12.Final]
	at org.hibernate.event.internal.DefaultFlushEventListener.onFlush(DefaultFlushEventListener.java:39) ~[hibernate-core-5.3.12.Final.jar:5.3.12.Final]
	at org.hibernate.internal.SessionImpl.doFlush(SessionImpl.java:1483) ~[hibernate-core-5.3.12.Final.jar:5.3.12.Final]
	at org.hibernate.internal.SessionImpl.managedFlush(SessionImpl.java:512) ~[hibernate-core-5.3.12.Final.jar:5.3.12.Final]
	at org.hibernate.internal.SessionImpl.flushBeforeTransactionCompletion(SessionImpl.java:3321) ~[hibernate-core-5.3.12.Final.jar:5.3.12.Final]
	at org.hibernate.internal.SessionImpl.beforeTransactionCompletion(SessionImpl.java:2517) ~[hibernate-core-5.3.12.Final.jar:5.3.12.Final]
	at org.hibernate.engine.jdbc.internal.JdbcCoordinatorImpl.beforeTransactionCompletion(JdbcCoordinatorImpl.java:447) ~[hibernate-core-5.3.12.Final.jar:5.3.12.Final]
	at org.hibernate.resource.transaction.backend.jdbc.internal.JdbcResourceLocalTransactionCoordinatorImpl.beforeCompletionCallback(JdbcResourceLocalTransactionCoordinatorImpl.java:178) ~[hibernate-core-5.3.12.Final.jar:5.3.12.Final]
	at org.hibernate.resource.transaction.backend.jdbc.internal.JdbcResourceLocalTransactionCoordinatorImpl.access$300(JdbcResourceLocalTransactionCoordinatorImpl.java:39) ~[hibernate-core-5.3.12.Final.jar:5.3.12.Final]
	at org.hibernate.resource.transaction.backend.jdbc.internal.JdbcResourceLocalTransactionCoordinatorImpl$TransactionDriverControlImpl.commit(JdbcResourceLocalTransactionCoordinatorImpl.java:271) ~[hibernate-core-5.3.12.Final.jar:5.3.12.Final]
	at org.hibernate.engine.transaction.internal.TransactionImpl.commit(TransactionImpl.java:104) ~[hibernate-core-5.3.12.Final.jar:5.3.12.Final]
	at org.springframework.orm.jpa.JpaTransactionManager.doCommit(JpaTransactionManager.java:533) ~[spring-orm-5.1.10.RELEASE.jar:5.1.10.RELEASE]
	at org.springframework.transaction.support.AbstractPlatformTransactionManager.processCommit(AbstractPlatformTransactionManager.java:746) ~[spring-tx-5.1.10.RELEASE.jar:5.1.10.RELEASE]
	at org.springframework.transaction.support.AbstractPlatformTransactionManager.commit(AbstractPlatformTransactionManager.java:714) ~[spring-tx-5.1.10.RELEASE.jar:5.1.10.RELEASE]
	at org.springframework.transaction.interceptor.TransactionAspectSupport.commitTransactionAfterReturning(TransactionAspectSupport.java:534) ~[spring-tx-5.1.10.RELEASE.jar:5.1.10.RELEASE]
	at org.springframework.transaction.interceptor.TransactionAspectSupport.invokeWithinTransaction(TransactionAspectSupport.java:305) ~[spring-tx-5.1.10.RELEASE.jar:5.1.10.RELEASE]
	at org.springframework.transaction.interceptor.TransactionInterceptor.invoke(TransactionInterceptor.java:98) ~[spring-tx-5.1.10.RELEASE.jar:5.1.10.RELEASE]
	at org.springframework.aop.framework.ReflectiveMethodInvocation.proceed(ReflectiveMethodInvocation.java:186) ~[spring-aop-5.1.10.RELEASE.jar:5.1.10.RELEASE]
	at org.springframework.dao.support.PersistenceExceptionTranslationInterceptor.invoke(PersistenceExceptionTranslationInterceptor.java:139) ~[spring-tx-5.1.10.RELEASE.jar:5.1.10.RELEASE]
	at org.springframework.aop.framework.ReflectiveMethodInvocation.proceed(ReflectiveMethodInvocation.java:186) ~[spring-aop-5.1.10.RELEASE.jar:5.1.10.RELEASE]
	at org.springframework.data.jpa.repository.support.CrudMethodMetadataPostProcessor$CrudMethodMetadataPopulatingMethodInterceptor.invoke(CrudMethodMetadataPostProcessor.java:144) ~[spring-data-jpa-2.1.11.RELEASE.jar:2.1.11.RELEASE]
	at org.springframework.aop.framework.ReflectiveMethodInvocation.proceed(ReflectiveMethodInvocation.java:186) ~[spring-aop-5.1.10.RELEASE.jar:5.1.10.RELEASE]
	at org.springframework.data.jpa.repository.support.CrudMethodMetadataPostProcessor$ExposeRepositoryInvocationInterceptor.invoke(CrudMethodMetadataPostProcessor.java:364) ~[spring-data-jpa-2.1.11.RELEASE.jar:2.1.11.RELEASE]
	at org.springframework.aop.framework.ReflectiveMethodInvocation.proceed(ReflectiveMethodInvocation.java:186) ~[spring-aop-5.1.10.RELEASE.jar:5.1.10.RELEASE]
	at org.springframework.aop.interceptor.ExposeInvocationInterceptor.invoke(ExposeInvocationInterceptor.java:93) ~[spring-aop-5.1.10.RELEASE.jar:5.1.10.RELEASE]
	at org.springframework.aop.framework.ReflectiveMethodInvocation.proceed(ReflectiveMethodInvocation.java:186) ~[spring-aop-5.1.10.RELEASE.jar:5.1.10.RELEASE]
	at org.springframework.data.repository.core.support.SurroundingTransactionDetectorMethodInterceptor.invoke(SurroundingTransactionDetectorMethodInterceptor.java:61) ~[spring-data-commons-2.1.11.RELEASE.jar:2.1.11.RELEASE]
	at org.springframework.aop.framework.ReflectiveMethodInvocation.proceed(ReflectiveMethodInvocation.java:186) ~[spring-aop-5.1.10.RELEASE.jar:5.1.10.RELEASE]
	at org.springframework.aop.framework.JdkDynamicAopProxy.invoke(JdkDynamicAopProxy.java:212) ~[spring-aop-5.1.10.RELEASE.jar:5.1.10.RELEASE]
	at com.sun.proxy.$Proxy94.save(Unknown Source) ~[na:na]
	at house.smart.smarthouse.service.impl.HomeServiceImpl.save(HomeServiceImpl.java:20) ~[classes/:na]
	at house.smart.smarthouse.service.impl.HomeServiceImpl.save(HomeServiceImpl.java:9) ~[classes/:na]
	at house.smart.smarthouse.controller.HomeController.save(HomeController.java:21) ~[classes/:na]
	at sun.reflect.NativeMethodAccessorImpl.invoke0(Native Method) ~[na:1.8.0_121]
	at sun.reflect.NativeMethodAccessorImpl.invoke(NativeMethodAccessorImpl.java:62) ~[na:1.8.0_121]
	at sun.reflect.DelegatingMethodAccessorImpl.invoke(DelegatingMethodAccessorImpl.java:43) ~[na:1.8.0_121]
	at java.lang.reflect.Method.invoke(Method.java:498) ~[na:1.8.0_121]
	at org.springframework.web.method.support.InvocableHandlerMethod.doInvoke(InvocableHandlerMethod.java:190) ~[spring-web-5.1.10.RELEASE.jar:5.1.10.RELEASE]
	at org.springframework.web.method.support.InvocableHandlerMethod.invokeForRequest(InvocableHandlerMethod.java:138) ~[spring-web-5.1.10.RELEASE.jar:5.1.10.RELEASE]
	at org.springframework.web.servlet.mvc.method.annotation.ServletInvocableHandlerMethod.invokeAndHandle(ServletInvocableHandlerMethod.java:105) ~[spring-webmvc-5.1.10.RELEASE.jar:5.1.10.RELEASE]
	at org.springframework.web.servlet.mvc.method.annotation.RequestMappingHandlerAdapter.invokeHandlerMethod(RequestMappingHandlerAdapter.java:893) ~[spring-webmvc-5.1.10.RELEASE.jar:5.1.10.RELEASE]
	at org.springframework.web.servlet.mvc.method.annotation.RequestMappingHandlerAdapter.handleInternal(RequestMappingHandlerAdapter.java:798) ~[spring-webmvc-5.1.10.RELEASE.jar:5.1.10.RELEASE]
	at org.springframework.web.servlet.mvc.method.AbstractHandlerMethodAdapter.handle(AbstractHandlerMethodAdapter.java:87) ~[spring-webmvc-5.1.10.RELEASE.jar:5.1.10.RELEASE]
	at org.springframework.web.servlet.DispatcherServlet.doDispatch(DispatcherServlet.java:1040) ~[spring-webmvc-5.1.10.RELEASE.jar:5.1.10.RELEASE]
	at org.springframework.web.servlet.DispatcherServlet.doService(DispatcherServlet.java:943) ~[spring-webmvc-5.1.10.RELEASE.jar:5.1.10.RELEASE]
	at org.springframework.web.servlet.FrameworkServlet.processRequest(FrameworkServlet.java:1006) ~[spring-webmvc-5.1.10.RELEASE.jar:5.1.10.RELEASE]
	at org.springframework.web.servlet.FrameworkServlet.doPost(FrameworkServlet.java:909) ~[spring-webmvc-5.1.10.RELEASE.jar:5.1.10.RELEASE]
	at javax.servlet.http.HttpServlet.service(HttpServlet.java:660) ~[tomcat-embed-core-9.0.26.jar:9.0.26]
	at org.springframework.web.servlet.FrameworkServlet.service(FrameworkServlet.java:883) ~[spring-webmvc-5.1.10.RELEASE.jar:5.1.10.RELEASE]
	at javax.servlet.http.HttpServlet.service(HttpServlet.java:741) ~[tomcat-embed-core-9.0.26.jar:9.0.26]
	at org.apache.catalina.core.ApplicationFilterChain.internalDoFilter(ApplicationFilterChain.java:231) ~[tomcat-embed-core-9.0.26.jar:9.0.26]
	at org.apache.catalina.core.ApplicationFilterChain.doFilter(ApplicationFilterChain.java:166) ~[tomcat-embed-core-9.0.26.jar:9.0.26]
	at org.apache.tomcat.websocket.server.WsFilter.doFilter(WsFilter.java:53) ~[tomcat-embed-websocket-9.0.26.jar:9.0.26]
	at org.apache.catalina.core.ApplicationFilterChain.internalDoFilter(ApplicationFilterChain.java:193) ~[tomcat-embed-core-9.0.26.jar:9.0.26]
	at org.apache.catalina.core.ApplicationFilterChain.doFilter(ApplicationFilterChain.java:166) ~[tomcat-embed-core-9.0.26.jar:9.0.26]
	at org.springframework.web.filter.RequestContextFilter.doFilterInternal(RequestContextFilter.java:100) ~[spring-web-5.1.10.RELEASE.jar:5.1.10.RELEASE]
	at org.springframework.web.filter.OncePerRequestFilter.doFilter(OncePerRequestFilter.java:119) ~[spring-web-5.1.10.RELEASE.jar:5.1.10.RELEASE]
	at org.apache.catalina.core.ApplicationFilterChain.internalDoFilter(ApplicationFilterChain.java:193) ~[tomcat-embed-core-9.0.26.jar:9.0.26]
	at org.apache.catalina.core.ApplicationFilterChain.doFilter(ApplicationFilterChain.java:166) ~[tomcat-embed-core-9.0.26.jar:9.0.26]
	at org.springframework.web.filter.FormContentFilter.doFilterInternal(FormContentFilter.java:93) ~[spring-web-5.1.10.RELEASE.jar:5.1.10.RELEASE]
	at org.springframework.web.filter.OncePerRequestFilter.doFilter(OncePerRequestFilter.java:119) ~[spring-web-5.1.10.RELEASE.jar:5.1.10.RELEASE]
	at org.apache.catalina.core.ApplicationFilterChain.internalDoFilter(ApplicationFilterChain.java:193) ~[tomcat-embed-core-9.0.26.jar:9.0.26]
	at org.apache.catalina.core.ApplicationFilterChain.doFilter(ApplicationFilterChain.java:166) ~[tomcat-embed-core-9.0.26.jar:9.0.26]
	at org.springframework.web.filter.HiddenHttpMethodFilter.doFilterInternal(HiddenHttpMethodFilter.java:94) ~[spring-web-5.1.10.RELEASE.jar:5.1.10.RELEASE]
	at org.springframework.web.filter.OncePerRequestFilter.doFilter(OncePerRequestFilter.java:119) ~[spring-web-5.1.10.RELEASE.jar:5.1.10.RELEASE]
	at org.apache.catalina.core.ApplicationFilterChain.internalDoFilter(ApplicationFilterChain.java:193) ~[tomcat-embed-core-9.0.26.jar:9.0.26]
	at org.apache.catalina.core.ApplicationFilterChain.doFilter(ApplicationFilterChain.java:166) ~[tomcat-embed-core-9.0.26.jar:9.0.26]
	at org.springframework.web.filter.CharacterEncodingFilter.doFilterInternal(CharacterEncodingFilter.java:201) ~[spring-web-5.1.10.RELEASE.jar:5.1.10.RELEASE]
	at org.springframework.web.filter.OncePerRequestFilter.doFilter(OncePerRequestFilter.java:119) ~[spring-web-5.1.10.RELEASE.jar:5.1.10.RELEASE]
	at org.apache.catalina.core.ApplicationFilterChain.internalDoFilter(ApplicationFilterChain.java:193) ~[tomcat-embed-core-9.0.26.jar:9.0.26]
	at org.apache.catalina.core.ApplicationFilterChain.doFilter(ApplicationFilterChain.java:166) ~[tomcat-embed-core-9.0.26.jar:9.0.26]
	at org.apache.catalina.core.StandardWrapperValve.invoke(StandardWrapperValve.java:202) ~[tomcat-embed-core-9.0.26.jar:9.0.26]
	at org.apache.catalina.core.StandardContextValve.invoke(StandardContextValve.java:96) [tomcat-embed-core-9.0.26.jar:9.0.26]
	at org.apache.catalina.authenticator.AuthenticatorBase.invoke(AuthenticatorBase.java:526) [tomcat-embed-core-9.0.26.jar:9.0.26]
	at org.apache.catalina.core.StandardHostValve.invoke(StandardHostValve.java:139) [tomcat-embed-core-9.0.26.jar:9.0.26]
	at org.apache.catalina.valves.ErrorReportValve.invoke(ErrorReportValve.java:92) [tomcat-embed-core-9.0.26.jar:9.0.26]
	at org.apache.catalina.core.StandardEngineValve.invoke(StandardEngineValve.java:74) [tomcat-embed-core-9.0.26.jar:9.0.26]
	at org.apache.catalina.connector.CoyoteAdapter.service(CoyoteAdapter.java:343) [tomcat-embed-core-9.0.26.jar:9.0.26]
	at org.apache.coyote.http11.Http11Processor.service(Http11Processor.java:408) [tomcat-embed-core-9.0.26.jar:9.0.26]
	at org.apache.coyote.AbstractProcessorLight.process(AbstractProcessorLight.java:66) [tomcat-embed-core-9.0.26.jar:9.0.26]
	at org.apache.coyote.AbstractProtocol$ConnectionHandler.process(AbstractProtocol.java:860) [tomcat-embed-core-9.0.26.jar:9.0.26]
	at org.apache.tomcat.util.net.NioEndpoint$SocketProcessor.doRun(NioEndpoint.java:1589) [tomcat-embed-core-9.0.26.jar:9.0.26]
	at org.apache.tomcat.util.net.SocketProcessorBase.run(SocketProcessorBase.java:49) [tomcat-embed-core-9.0.26.jar:9.0.26]
	at java.util.concurrent.ThreadPoolExecutor.runWorker(ThreadPoolExecutor.java:1142) [na:1.8.0_121]
	at java.util.concurrent.ThreadPoolExecutor$Worker.run(ThreadPoolExecutor.java:617) [na:1.8.0_121]
	at org.apache.tomcat.util.threads.TaskThread$WrappingRunnable.run(TaskThread.java:61) [tomcat-embed-core-9.0.26.jar:9.0.26]
	at java.lang.Thread.run(Thread.java:745) [na:1.8.0_121]

2019-10-31 21:04:52.817  INFO 17312 --- [main] h.s.smarthouse.SmarthouseApplication     : Starting SmarthouseApplication on DESKTOP-02R9TSR with PID 17312 (started by Ars in K:\2 kurs\Programming of database applications\Sem2.2)
2019-10-31 21:04:52.822  INFO 17312 --- [main] h.s.smarthouse.SmarthouseApplication     : No active profile set, falling back to default profiles: default
2019-10-31 21:04:53.999  INFO 17312 --- [main] .s.d.r.c.RepositoryConfigurationDelegate : Bootstrapping Spring Data repositories in DEFAULT mode.
2019-10-31 21:04:54.136  INFO 17312 --- [main] .s.d.r.c.RepositoryConfigurationDelegate : Finished Spring Data repository scanning in 122ms. Found 2 repository interfaces.
2019-10-31 21:04:54.643  INFO 17312 --- [main] trationDelegate$BeanPostProcessorChecker : Bean 'org.springframework.transaction.annotation.ProxyTransactionManagementConfiguration' of type [org.springframework.transaction.annotation.ProxyTransactionManagementConfiguration$$EnhancerBySpringCGLIB$$43a32471] is not eligible for getting processed by all BeanPostProcessors (for example: not eligible for auto-proxying)
2019-10-31 21:04:55.030  INFO 17312 --- [main] o.s.b.w.embedded.tomcat.TomcatWebServer  : Tomcat initialized with port(s): 8080 (http)
2019-10-31 21:04:55.070  INFO 17312 --- [main] o.apache.catalina.core.StandardService   : Starting service [Tomcat]
2019-10-31 21:04:55.071  INFO 17312 --- [main] org.apache.catalina.core.StandardEngine  : Starting Servlet engine: [Apache Tomcat/9.0.26]
2019-10-31 21:04:55.210  INFO 17312 --- [main] o.a.c.c.C.[Tomcat].[localhost].[/]       : Initializing Spring embedded WebApplicationContext
2019-10-31 21:04:55.210  INFO 17312 --- [main] o.s.web.context.ContextLoader            : Root WebApplicationContext: initialization completed in 2334 ms
2019-10-31 21:04:55.386  INFO 17312 --- [main] com.zaxxer.hikari.HikariDataSource       : HikariPool-1 - Starting...
2019-10-31 21:04:56.494  INFO 17312 --- [main] com.zaxxer.hikari.HikariDataSource       : HikariPool-1 - Start completed.
2019-10-31 21:04:56.571  INFO 17312 --- [main] o.hibernate.jpa.internal.util.LogHelper  : HHH000204: Processing PersistenceUnitInfo [
	name: default
	...]
2019-10-31 21:04:56.760  INFO 17312 --- [main] org.hibernate.Version                    : HHH000412: Hibernate Core {5.3.12.Final}
2019-10-31 21:04:56.764  INFO 17312 --- [main] org.hibernate.cfg.Environment            : HHH000206: hibernate.properties not found
2019-10-31 21:04:57.015  INFO 17312 --- [main] o.hibernate.annotations.common.Version   : HCANN000001: Hibernate Commons Annotations {5.0.4.Final}
2019-10-31 21:04:57.284  INFO 17312 --- [main] org.hibernate.dialect.Dialect            : HHH000400: Using dialect: org.hibernate.dialect.MySQL8Dialect
